Время ошибки: Tue Jan 24 17:49:41 2023
	 Ошибка: error bind socket with local address Критическая ошибка;
Время ошибки: Tue Jan 24 17:49:47 2023
	 Ошибка: error bind socket with local address Критическая ошибка;
Время ошибки: Tue Jan 24 17:50:34 2023
	 Ошибка: error bind socket with local address Критическая ошибка;
Время ошибки: Tue Jan 24 18:46:18 2023
	 Ошибка: error bind socket with local address Критическая ошибка;
Время ошибки: Tue Jan 24 18:52:37 2023
	 Ошибка: error bind socket with local address Критическая ошибка;
Время ошибки: Tue Jan 24 20:35:35 2023
	 Ошибка: error Wrong ID Некритическая ошибка;
Время ошибки: Wed Jan 25 11:06:21 2023
	 Ошибка: error user is not found Некритическая ошибка;
Время ошибки: Wed Jan 25 16:27:24 2023
	 Ошибка: error bind socket with local address Критическая ошибка;
Время ошибки: Wed Jan 25 16:27:29 2023
	 Ошибка: error bind socket with local address Критическая ошибка;
Время ошибки: Wed Jan 25 16:28:00 2023
	 Ошибка: error hash not same Некритическая ошибка;
Время ошибки: Wed Jan 25 16:38:03 2023
	 Ошибка: error hash not same Некритическая ошибка;
Время ошибки: Wed Jan 25 16:39:11 2023
	 Ошибка: error hash not same Некритическая ошибка;
Время ошибки: Wed Jan 25 16:41:10 2023
	 Ошибка: error hash not same Некритическая ошибка;
Время ошибки: Wed Jan 25 16:41:10 2023
	 Ошибка: error send answer Некритическая ошибка;
Время ошибки: Wed Jan 25 16:43:28 2023
	 Ошибка: error hash not same Некритическая ошибка;
Время ошибки: Wed Jan 25 16:53:25 2023
	 Ошибка: error hash not same Некритическая ошибка;
Время ошибки: Wed Jan 25 16:53:25 2023
	 Ошибка: error send answer Некритическая ошибка;
